{"numFailedTestSuites":0,"numFailedTests":0,"numPassedTestSuites":10,"numPassedTests":48,"numPendingTestSuites":0,"numPendingTests":0,"numRuntimeErrorTestSuites":0,"numTodoTests":0,"numTotalTestSuites":10,"numTotalTests":48,"openHandles":[],"snapshot":{"added":0,"didUpdate":false,"failure":false,"filesAdded":0,"filesRemoved":0,"filesRemovedList":[],"filesUnmatched":0,"filesUpdated":0,"matched":0,"total":0,"unchecked":0,"uncheckedKeysByFile":[],"unmatched":0,"updated":0},"startTime":1744272850252,"success":true,"testResults":[{"assertionResults":[{"ancestorTitles":["NavBar"],"failureMessages":[],"fullName":"NavBar renders","location":null,"status":"passed","title":"renders"},{"ancestorTitles":["NavBar"],"failureMessages":[],"fullName":"NavBar navigates to Portfolio","location":null,"status":"passed","title":"navigates to Portfolio"},{"ancestorTitles":["NavBar"],"failureMessages":[],"fullName":"NavBar navigates to Component Library","location":null,"status":"passed","title":"navigates to Component Library"}],"endTime":1744272851865,"message":"","name":"/Users/williamparsons/Desktop/Code/portfolio_website/src/CommonComponents/NavBar/NavBar.spec.jsx","startTime":1744272850899,"status":"passed","summary":""},{"assertionResults":[{"ancestorTitles":["InstructionsBox"],"failureMessages":[],"fullName":"InstructionsBox renders","location":null,"status":"passed","title":"renders"},{"ancestorTitles":["InstructionsBox"],"failureMessages":[],"fullName":"InstructionsBox displays the correct content for the current step","location":null,"status":"passed","title":"displays the correct content for the current step"},{"ancestorTitles":["InstructionsBox"],"failureMessages":[],"fullName":"InstructionsBox navigates to the next step","location":null,"status":"passed","title":"navigates to the next step"},{"ancestorTitles":["InstructionsBox"],"failureMessages":[],"fullName":"InstructionsBox navigates to the previous step","location":null,"status":"passed","title":"navigates to the previous step"},{"ancestorTitles":["InstructionsBox"],"failureMessages":[],"fullName":"InstructionsBox loops to the first step after the last step","location":null,"status":"passed","title":"loops to the first step after the last step"},{"ancestorTitles":["InstructionsBox"],"failureMessages":[],"fullName":"InstructionsBox loops to the last step when navigating back from the first step","location":null,"status":"passed","title":"loops to the last step when navigating back from the first step"},{"ancestorTitles":["InstructionsBox"],"failureMessages":[],"fullName":"InstructionsBox displays the correct image for the current step","location":null,"status":"passed","title":"displays the correct image for the current step"}],"endTime":1744272851878,"message":"","name":"/Users/williamparsons/Desktop/Code/portfolio_website/src/CommonComponents/InstructionsBox/InstructionsBox.spec.jsx","startTime":1744272850906,"status":"passed","summary":""},{"assertionResults":[{"ancestorTitles":["Sidebar Component"],"failureMessages":[],"fullName":"Sidebar Component renders","location":null,"status":"passed","title":"renders"},{"ancestorTitles":["Sidebar Component"],"failureMessages":[],"fullName":"Sidebar Component backToTop function scrolls to top","location":null,"status":"passed","title":"backToTop function scrolls to top"},{"ancestorTitles":["Sidebar Component"],"failureMessages":[],"fullName":"Sidebar Component links are valid","location":null,"status":"passed","title":"links are valid"},{"ancestorTitles":["Sidebar Component"],"failureMessages":[],"fullName":"Sidebar Component ensures that maximum height of top property never exceeds 225px","location":null,"status":"passed","title":"ensures that maximum height of top property never exceeds 225px"}],"endTime":1744272851944,"message":"","name":"/Users/williamparsons/Desktop/Code/portfolio_website/src/Portfolio/Sidebar/Sidebar.spec.jsx","startTime":1744272850898,"status":"passed","summary":""},{"assertionResults":[{"ancestorTitles":["DisplayTestResults"],"failureMessages":[],"fullName":"DisplayTestResults renders all basic components","location":null,"status":"passed","title":"renders all basic components"},{"ancestorTitles":["DisplayTestResults"],"failureMessages":[],"fullName":"DisplayTestResults toggles section visibility","location":null,"status":"passed","title":"toggles section visibility"},{"ancestorTitles":["DisplayTestResults"],"failureMessages":[],"fullName":"DisplayTestResults displays error message on fetch error","location":null,"status":"passed","title":"displays error message on fetch error"},{"ancestorTitles":["DisplayTestResults"],"failureMessages":[],"fullName":"DisplayTestResults displays loading message when no test results","location":null,"status":"passed","title":"displays loading message when no test results"},{"ancestorTitles":["DisplayTestResults"],"failureMessages":[],"fullName":"DisplayTestResults calculates total tests and pass percentage correctly","location":null,"status":"passed","title":"calculates total tests and pass percentage correctly"},{"ancestorTitles":["DisplayTestResults"],"failureMessages":[],"fullName":"DisplayTestResults renders multiple sections correctly","location":null,"status":"passed","title":"renders multiple sections correctly"}],"endTime":1744272852035,"message":"","name":"/Users/williamparsons/Desktop/Code/portfolio_website/src/Portfolio/TestingContent/DisplayTestResults/DisplayTestResults.spec.jsx","startTime":1744272850900,"status":"passed","summary":""},{"assertionResults":[{"ancestorTitles":["AccessibilityContent"],"failureMessages":[],"fullName":"AccessibilityContent renders AccessibilityContent component","location":null,"status":"passed","title":"renders AccessibilityContent component"},{"ancestorTitles":["AccessibilityContent"],"failureMessages":[],"fullName":"AccessibilityContent textbox input works correctly","location":null,"status":"passed","title":"textbox input works correctly"},{"ancestorTitles":["AccessibilityContent"],"failureMessages":[],"fullName":"AccessibilityContent placeholder text is removed when populated","location":null,"status":"passed","title":"placeholder text is removed when populated"},{"ancestorTitles":["AccessibilityContent"],"failureMessages":[],"fullName":"AccessibilityContent dropdown menu selection works correctly","location":null,"status":"passed","title":"dropdown menu selection works correctly"},{"ancestorTitles":["AccessibilityContent"],"failureMessages":[],"fullName":"AccessibilityContent icons have appropriate alt text","location":null,"status":"passed","title":"icons have appropriate alt text"},{"ancestorTitles":["AccessibilityContent"],"failureMessages":[],"fullName":"AccessibilityContent links are accessible and have correct href attributes","location":null,"status":"passed","title":"links are accessible and have correct href attributes"},{"ancestorTitles":["AccessibilityContent"],"failureMessages":[],"fullName":"AccessibilityContent InstructionsBox components render correct steps","location":null,"status":"passed","title":"InstructionsBox components render correct steps"}],"endTime":1744272852086,"message":"","name":"/Users/williamparsons/Desktop/Code/portfolio_website/src/Portfolio/AccessibilityContent/AccessibilityContent.spec.jsx","startTime":1744272850900,"status":"passed","summary":""},{"assertionResults":[{"ancestorTitles":["IntlManager"],"failureMessages":[],"fullName":"IntlManager renders children with default locale","location":null,"status":"passed","title":"renders children with default locale"},{"ancestorTitles":["IntlManager"],"failureMessages":[],"fullName":"IntlManager renders children with specified locale","location":null,"status":"passed","title":"renders children with specified locale"},{"ancestorTitles":["IntlManager"],"failureMessages":[],"fullName":"IntlManager falls back to default locale for unsupported locale","location":null,"status":"passed","title":"falls back to default locale for unsupported locale"}],"endTime":1744272852194,"message":"","name":"/Users/williamparsons/Desktop/Code/portfolio_website/src/IntlManager/IntlManager.test.js","startTime":1744272851907,"status":"passed","summary":""},{"assertionResults":[{"ancestorTitles":["TranslationContent"],"failureMessages":[],"fullName":"TranslationContent renders","location":null,"status":"passed","title":"renders"},{"ancestorTitles":["TranslationContent"],"failureMessages":[],"fullName":"TranslationContent dropdown menu changes the language","location":null,"status":"passed","title":"dropdown menu changes the language"},{"ancestorTitles":["TranslationContent"],"failureMessages":[],"fullName":"TranslationContent locale is changed upon changing the language via the dropdown","location":null,"status":"passed","title":"locale is changed upon changing the language via the dropdown"},{"ancestorTitles":["TranslationContent"],"failureMessages":[],"fullName":"TranslationContent changes the language to Arabic and confirms the locale and direction","location":null,"status":"passed","title":"changes the language to Arabic and confirms the locale and direction"},{"ancestorTitles":["TranslationContent"],"failureMessages":[],"fullName":"TranslationContent changes the language to Arabic and then to Dutch, confirming the locale and direction","location":null,"status":"passed","title":"changes the language to Arabic and then to Dutch, confirming the locale and direction"},{"ancestorTitles":["TranslationContent"],"failureMessages":[],"fullName":"TranslationContent changes languages one at a time and confirms the text is correct","location":null,"status":"passed","title":"changes languages one at a time and confirms the text is correct"},{"ancestorTitles":["TranslationContent"],"failureMessages":[],"fullName":"TranslationContent renders with default language","location":null,"status":"passed","title":"renders with default language"},{"ancestorTitles":["TranslationContent"],"failureMessages":[],"fullName":"TranslationContent handles invalid language code gracefully","location":null,"status":"passed","title":"handles invalid language code gracefully"},{"ancestorTitles":["TranslationContent"],"failureMessages":[],"fullName":"TranslationContent is accessible","location":null,"status":"passed","title":"is accessible"}],"endTime":1744272852208,"message":"","name":"/Users/williamparsons/Desktop/Code/portfolio_website/src/Portfolio/TranslationContent/TranslationContent.spec.jsx","startTime":1744272850899,"status":"passed","summary":""},{"assertionResults":[{"ancestorTitles":["DropdownMenu"],"failureMessages":[],"fullName":"DropdownMenu renders","location":null,"status":"passed","title":"renders"},{"ancestorTitles":["DropdownMenu"],"failureMessages":[],"fullName":"DropdownMenu displays the correct options","location":null,"status":"passed","title":"displays the correct options"},{"ancestorTitles":["DropdownMenu"],"failureMessages":[],"fullName":"DropdownMenu calls languageChange with the correct value when an option is selected","location":null,"status":"passed","title":"calls languageChange with the correct value when an option is selected"}],"endTime":1744272852245,"message":"","name":"/Users/williamparsons/Desktop/Code/portfolio_website/src/CommonComponents/DropdownMenu/DropdownMenu.spec.jsx","startTime":1744272851980,"status":"passed","summary":""},{"assertionResults":[{"ancestorTitles":["ButtonToggle"],"failureMessages":[],"fullName":"ButtonToggle renders with \"Show More\" when isExpanded is false","location":null,"status":"passed","title":"renders with \"Show More\" when isExpanded is false"},{"ancestorTitles":["ButtonToggle"],"failureMessages":[],"fullName":"ButtonToggle renders with \"Show Less\" when isExpanded is true","location":null,"status":"passed","title":"renders with \"Show Less\" when isExpanded is true"},{"ancestorTitles":["ButtonToggle"],"failureMessages":[],"fullName":"ButtonToggle calls onClick when button is clicked","location":null,"status":"passed","title":"calls onClick when button is clicked"}],"endTime":1744272852254,"message":"","name":"/Users/williamparsons/Desktop/Code/portfolio_website/src/CommonComponents/ButtonToggle/ButtonToggle.spec.jsx","startTime":1744272851954,"status":"passed","summary":""},{"assertionResults":[{"ancestorTitles":["App"],"failureMessages":[],"fullName":"App renders main page","location":null,"status":"passed","title":"renders main page"},{"ancestorTitles":["App"],"failureMessages":[],"fullName":"App navigates to journal page","location":null,"status":"passed","title":"navigates to journal page"},{"ancestorTitles":["App"],"failureMessages":[],"fullName":"App navigates to coders log page","location":null,"status":"passed","title":"navigates to coders log page"}],"endTime":1744272852529,"message":"","name":"/Users/williamparsons/Desktop/Code/portfolio_website/src/App.test.js","startTime":1744272850898,"status":"passed","summary":""}],"wasInterrupted":false}